# JRE version: OpenJDK Runtime Environment Temurin-21.0.11+10 (21.0.11+10) (build 21.0.11+10-LTS)
# Java VM: OpenJDK 64-Bit Server VM Temurin-21.0.11+10 (21.0.11+10-LTS, mixed mode, sharing, tiered, compressed oops, compressed class ptrs, parallel gc, windows-amd64)
GC Precious Log:
 CardTable entry size: 512
 CPUs: 16 total, 16 available
 Memory: 7528M
 Large Page Support: Disabled
 NUMA Support: Disabled
 Compressed Oops: Enabled (32-bit)
 Alignments: Space 512K, Generation 512K, Heap 2M
 Heap Min Capacity: 100M
 Heap Initial Capacity: 100M
 Heap Max Capacity: 2G
 Pre-touch: Disabled
 Parallel Workers: 13
Heap:
 PSYoungGen      total 4096K, used 256K [0x00000000d5580000, 0x00000000d5c00000, 0x0000000100000000)
  eden space 3584K, 0% used [0x00000000d5580000,0x00000000d5580020,0x00000000d5900000)
  from space 512K, 50% used [0x00000000d5b80000,0x00000000d5bc0000,0x00000000d5c00000)
  to   space 512K, 0% used [0x00000000d5b00000,0x00000000d5b00000,0x00000000d5b80000)
 ParOldGen       total 729600K, used 729386K [0x0000000080000000, 0x00000000ac880000, 0x00000000d5580000)
  object space 729600K, 99% used [0x0000000080000000,0x00000000ac84ab18,0x00000000ac880000)
 Metaspace       used 80584K, committed 82432K, reserved 1179648K
  class space    used 8964K, committed 9792K, reserved 1048576K
GC Heap History (20 events):
Event: 1782.791 GC heap before
{Heap before GC invocations=371 (full 3):
 PSYoungGen      total 3072K, used 3042K [0x00000000d5580000, 0x00000000d5f00000, 0x0000000100000000)
  eden space 2560K, 100% used [0x00000000d5580000,0x00000000d5800000,0x00000000d5800000)
  from space 512K, 94% used [0x00000000d5880000,0x00000000d58f8ab8,0x00000000d5900000)
  to   space 3584K, 0% used [0x00000000d5b80000,0x00000000d5b80000,0x00000000d5f00000)
 ParOldGen       total 717312K, used 717195K [0x0000000080000000, 0x00000000abc80000, 0x00000000d5580000)
  object space 717312K, 99% used [0x0000000080000000,0x00000000abc62fc0,0x00000000abc80000)
 Metaspace       used 80503K, committed 82304K, reserved 1179648K
  class space    used 8964K, committed 9792K, reserved 1048576K
}
Event: 1782.798 GC heap after
{Heap after GC invocations=371 (full 3):
 PSYoungGen      total 5632K, used 2656K [0x00000000d5580000, 0x00000000d5e80000, 0x0000000100000000)
  eden space 2560K, 0% used [0x00000000d5580000,0x00000000d5580000,0x00000000d5800000)
  from space 3072K, 86% used [0x00000000d5b80000,0x00000000d5e18000,0x00000000d5e80000)
  to   space 3072K, 0% used [0x00000000d5880000,0x00000000d5880000,0x00000000d5b80000)
 ParOldGen       total 717824K, used 717718K [0x0000000080000000, 0x00000000abd00000, 0x00000000d5580000)
  object space 717824K, 99% used [0x0000000080000000,0x00000000abce5a78,0x00000000abd00000)
 Metaspace       used 80503K, committed 82304K, reserved 1179648K
  class space    used 8964K, committed 9792K, reserved 1048576K
}
Event: 1782.837 GC heap before
{Heap before GC invocations=372 (full 3):
 PSYoungGen      total 5632K, used 5216K [0x00000000d5580000, 0x00000000d5e80000, 0x0000000100000000)
  eden space 2560K, 100% used [0x00000000d5580000,0x00000000d5800000,0x00000000d5800000)
  from space 3072K, 86% used [0x00000000d5b80000,0x00000000d5e18000,0x00000000d5e80000)
  to   space 3072K, 0% used [0x00000000d5880000,0x00000000d5880000,0x00000000d5b80000)
 ParOldGen       total 717824K, used 717718K [0x0000000080000000, 0x00000000abd00000, 0x00000000d5580000)
  object space 717824K, 99% used [0x0000000080000000,0x00000000abce5a78,0x00000000abd00000)
 Metaspace       used 80503K, committed 82304K, reserved 1179648K
  class space    used 8964K, committed 9792K, reserved 1048576K
}
Event: 1782.846 GC heap after
{Heap after GC invocations=372 (full 3):
 PSYoungGen      total 4608K, used 1824K [0x00000000d5580000, 0x00000000d5d00000, 0x0000000100000000)
  eden space 2560K, 0% used [0x00000000d5580000,0x00000000d5580000,0x00000000d5800000)
  from space 2048K, 89% used [0x00000000d5880000,0x00000000d5a48000,0x00000000d5a80000)
  to   space 2560K, 0% used [0x00000000d5a80000,0x00000000d5a80000,0x00000000d5d00000)
 ParOldGen       total 720384K, used 720254K [0x0000000080000000, 0x00000000abf80000, 0x00000000d5580000)
  object space 720384K, 99% used [0x0000000080000000,0x00000000abf5fa78,0x00000000abf80000)
 Metaspace       used 80503K, committed 82304K, reserved 1179648K
  class space    used 8964K, committed 9792K, reserved 1048576K
}
Event: 1782.881 GC heap before
{Heap before GC invocations=373 (full 3):
 PSYoungGen      total 4608K, used 4384K [0x00000000d5580000, 0x00000000d5d00000, 0x0000000100000000)
  eden space 2560K, 100% used [0x00000000d5580000,0x00000000d5800000,0x00000000d5800000)
  from space 2048K, 89% used [0x00000000d5880000,0x00000000d5a48000,0x00000000d5a80000)
  to   space 2560K, 0% used [0x00000000d5a80000,0x00000000d5a80000,0x00000000d5d00000)
 ParOldGen       total 720384K, used 720254K [0x0000000080000000, 0x00000000abf80000, 0x00000000d5580000)
  object space 720384K, 99% used [0x0000000080000000,0x00000000abf5fa78,0x00000000abf80000)
 Metaspace       used 80503K, committed 82304K, reserved 1179648K
  class space    used 8964K, committed 9792K, reserved 1048576K
}
Event: 1782.887 GC heap after
{Heap after GC invocations=373 (full 3):
 PSYoungGen      total 4608K, used 1684K [0x00000000d5580000, 0x00000000d5c80000, 0x0000000100000000)
  eden space 2560K, 0% used [0x00000000d5580000,0x00000000d5580000,0x00000000d5800000)
  from space 2048K, 82% used [0x00000000d5a80000,0x00000000d5c25040,0x00000000d5c80000)
  to   space 2048K, 0% used [0x00000000d5880000,0x00000000d5880000,0x00000000d5a80000)
 ParOldGen       total 721920K, used 721870K [0x0000000080000000, 0x00000000ac100000, 0x00000000d5580000)
  object space 721920K, 99% used [0x0000000080000000,0x00000000ac0f3a78,0x00000000ac100000)
 Metaspace       used 80503K, committed 82304K, reserved 1179648K
  class space    used 8964K, committed 9792K, reserved 1048576K
}
Event: 1782.908 GC heap before
{Heap before GC invocations=374 (full 3):
 PSYoungGen      total 4608K, used 4110K [0x00000000d5580000, 0x00000000d5c80000, 0x0000000100000000)
  eden space 2560K, 94% used [0x00000000d5580000,0x00000000d57de978,0x00000000d5800000)
  from space 2048K, 82% used [0x00000000d5a80000,0x00000000d5c25040,0x00000000d5c80000)
  to   space 2048K, 0% used [0x00000000d5880000,0x00000000d5880000,0x00000000d5a80000)
 ParOldGen       total 721920K, used 721870K [0x0000000080000000, 0x00000000ac100000, 0x00000000d5580000)
  object space 721920K, 99% used [0x0000000080000000,0x00000000ac0f3a78,0x00000000ac100000)
 Metaspace       used 80503K, committed 82304K, reserved 1179648K
  class space    used 8964K, committed 9792K, reserved 1048576K
}
Event: 1782.915 GC heap after
{Heap after GC invocations=374 (full 3):
 PSYoungGen      total 4608K, used 2017K [0x00000000d5580000, 0x00000000d6000000, 0x0000000100000000)
  eden space 2560K, 0% used [0x00000000d5580000,0x00000000d5580000,0x00000000d5800000)
  from space 2048K, 98% used [0x00000000d5880000,0x00000000d5a784f0,0x00000000d5a80000)
  to   space 4096K, 0% used [0x00000000d5c00000,0x00000000d5c00000,0x00000000d6000000)
 ParOldGen       total 723456K, used 723446K [0x0000000080000000, 0x00000000ac280000, 0x00000000d5580000)
  object space 723456K, 99% used [0x0000000080000000,0x00000000ac27dad8,0x00000000ac280000)
 Metaspace       used 80503K, committed 82304K, reserved 1179648K
  class space    used 8964K, committed 9792K, reserved 1048576K
}
Event: 1782.930 GC heap before
{Heap before GC invocations=375 (full 3):
 PSYoungGen      total 4608K, used 4554K [0x00000000d5580000, 0x00000000d6000000, 0x0000000100000000)
  eden space 2560K, 99% used [0x00000000d5580000,0x00000000d57fa560,0x00000000d5800000)
  from space 2048K, 98% used [0x00000000d5880000,0x00000000d5a784f0,0x00000000d5a80000)
  to   space 4096K, 0% used [0x00000000d5c00000,0x00000000d5c00000,0x00000000d6000000)
 ParOldGen       total 723456K, used 723446K [0x0000000080000000, 0x00000000ac280000, 0x00000000d5580000)
  object space 723456K, 99% used [0x0000000080000000,0x00000000ac27dad8,0x00000000ac280000)
 Metaspace       used 80503K, committed 82304K, reserved 1179648K
  class space    used 8964K, committed 9792K, reserved 1048576K
}
Event: 1782.937 GC heap after
{Heap after GC invocations=375 (full 3):
 PSYoungGen      total 6144K, used 2750K [0x00000000d5580000, 0x00000000d5f00000, 0x0000000100000000)
  eden space 3072K, 0% used [0x00000000d5580000,0x00000000d5580000,0x00000000d5880000)
  from space 3072K, 89% used [0x00000000d5c00000,0x00000000d5eaf9f0,0x00000000d5f00000)
  to   space 3072K, 0% used [0x00000000d5900000,0x00000000d5900000,0x00000000d5c00000)
 ParOldGen       total 725504K, used 725496K [0x0000000080000000, 0x00000000ac480000, 0x00000000d5580000)
  object space 725504K, 99% used [0x0000000080000000,0x00000000ac47e138,0x00000000ac480000)
 Metaspace       used 80503K, committed 82304K, reserved 1179648K
  class space    used 8964K, committed 9792K, reserved 1048576K
}
Event: 1782.958 GC heap before
{Heap before GC invocations=376 (full 3):
 PSYoungGen      total 6144K, used 5822K [0x00000000d5580000, 0x00000000d5f00000, 0x0000000100000000)
  eden space 3072K, 100% used [0x00000000d5580000,0x00000000d5880000,0x00000000d5880000)
  from space 3072K, 89% used [0x00000000d5c00000,0x00000000d5eaf9f0,0x00000000d5f00000)
  to   space 3072K, 0% used [0x00000000d5900000,0x00000000d5900000,0x00000000d5c00000)
 ParOldGen       total 725504K, used 725496K [0x0000000080000000, 0x00000000ac480000, 0x00000000d5580000)
  object space 725504K, 99% used [0x0000000080000000,0x00000000ac47e138,0x00000000ac480000)
 Metaspace       used 80503K, committed 82304K, reserved 1179648K
  class space    used 8964K, committed 9792K, reserved 1048576K
}
Event: 1782.964 GC heap after
{Heap after GC invocations=376 (full 3):
 PSYoungGen      total 5120K, used 1253K [0x00000000d5580000, 0x00000000d5d80000, 0x0000000100000000)
  eden space 3584K, 0% used [0x00000000d5580000,0x00000000d5580000,0x00000000d5900000)
  from space 1536K, 81% used [0x00000000d5900000,0x00000000d5a39598,0x00000000d5a80000)
  to   space 2048K, 0% used [0x00000000d5b80000,0x00000000d5b80000,0x00000000d5d80000)
 ParOldGen       total 728064K, used 728018K [0x0000000080000000, 0x00000000ac700000, 0x00000000d5580000)
  object space 728064K, 99% used [0x0000000080000000,0x00000000ac6f4b18,0x00000000ac700000)
 Metaspace       used 80503K, committed 82304K, reserved 1179648K
  class space    used 8964K, committed 9792K, reserved 1048576K
}
Event: 1784.155 GC heap before
{Heap before GC invocations=377 (full 3):
 PSYoungGen      total 5120K, used 4837K [0x00000000d5580000, 0x00000000d5d80000, 0x0000000100000000)
  eden space 3584K, 99% used [0x00000000d5580000,0x00000000d58fff48,0x00000000d5900000)
  from space 1536K, 81% used [0x00000000d5900000,0x00000000d5a39598,0x00000000d5a80000)
  to   space 2048K, 0% used [0x00000000d5b80000,0x00000000d5b80000,0x00000000d5d80000)
 ParOldGen       total 728064K, used 728018K [0x0000000080000000, 0x00000000ac700000, 0x00000000d5580000)
  object space 728064K, 99% used [0x0000000080000000,0x00000000ac6f4b18,0x00000000ac700000)
 Metaspace       used 80514K, committed 82304K, reserved 1179648K
  class space    used 8964K, committed 9792K, reserved 1048576K
}
Event: 1784.162 GC heap after
{Heap after GC invocations=377 (full 3):
 PSYoungGen      total 4608K, used 724K [0x00000000d5580000, 0x00000000d5c80000, 0x0000000100000000)
  eden space 3584K, 0% used [0x00000000d5580000,0x00000000d5580000,0x00000000d5900000)
  from space 1024K, 70% used [0x00000000d5b80000,0x00000000d5c35200,0x00000000d5c80000)
  to   space 1024K, 0% used [0x00000000d5a80000,0x00000000d5a80000,0x00000000d5b80000)
 ParOldGen       total 729088K, used 728850K [0x0000000080000000, 0x00000000ac800000, 0x00000000d5580000)
  object space 729088K, 99% used [0x0000000080000000,0x00000000ac7c4b18,0x00000000ac800000)
 Metaspace       used 80514K, committed 82304K, reserved 1179648K
  class space    used 8964K, committed 9792K, reserved 1048576K
}
Event: 1784.248 GC heap before
{Heap before GC invocations=378 (full 3):
 PSYoungGen      total 4608K, used 4308K [0x00000000d5580000, 0x00000000d5c80000, 0x0000000100000000)
  eden space 3584K, 100% used [0x00000000d5580000,0x00000000d5900000,0x00000000d5900000)
  from space 1024K, 70% used [0x00000000d5b80000,0x00000000d5c35200,0x00000000d5c80000)
  to   space 1024K, 0% used [0x00000000d5a80000,0x00000000d5a80000,0x00000000d5b80000)
 ParOldGen       total 729088K, used 728850K [0x0000000080000000, 0x00000000ac800000, 0x00000000d5580000)
  object space 729088K, 99% used [0x0000000080000000,0x00000000ac7c4b18,0x00000000ac800000)
 Metaspace       used 80535K, committed 82304K, reserved 1179648K
  class space    used 8964K, committed 9792K, reserved 1048576K
}
Event: 1784.263 GC heap after
{Heap after GC invocations=378 (full 3):
 PSYoungGen      total 4608K, used 628K [0x00000000d5580000, 0x00000000d5c00000, 0x0000000100000000)
  eden space 3584K, 0% used [0x00000000d5580000,0x00000000d5580000,0x00000000d5900000)
  from space 1024K, 61% used [0x00000000d5a80000,0x00000000d5b1d200,0x00000000d5b80000)
  to   space 512K, 0% used [0x00000000d5b80000,0x00000000d5b80000,0x00000000d5c00000)
 ParOldGen       total 729600K, used 729274K [0x0000000080000000, 0x00000000ac880000, 0x00000000d5580000)
  object space 729600K, 99% used [0x0000000080000000,0x00000000ac82eb18,0x00000000ac880000)
 Metaspace       used 80535K, committed 82304K, reserved 1179648K
  class space    used 8964K, committed 9792K, reserved 1048576K
}
Event: 1887.076 GC heap before
{Heap before GC invocations=379 (full 3):
 PSYoungGen      total 4608K, used 4212K [0x00000000d5580000, 0x00000000d5c00000, 0x0000000100000000)
  eden space 3584K, 99% used [0x00000000d5580000,0x00000000d58fffe8,0x00000000d5900000)
  from space 1024K, 61% used [0x00000000d5a80000,0x00000000d5b1d200,0x00000000d5b80000)
  to   space 512K, 0% used [0x00000000d5b80000,0x00000000d5b80000,0x00000000d5c00000)
 ParOldGen       total 729600K, used 729274K [0x0000000080000000, 0x00000000ac880000, 0x00000000d5580000)
  object space 729600K, 99% used [0x0000000080000000,0x00000000ac82eb18,0x00000000ac880000)
 Metaspace       used 80573K, committed 82432K, reserved 1179648K
  class space    used 8964K, committed 9792K, reserved 1048576K
}
Event: 1887.362 GC heap after
{Heap after GC invocations=379 (full 3):
 PSYoungGen      total 4096K, used 512K [0x00000000d5580000, 0x00000000d5c00000, 0x0000000100000000)
  eden space 3584K, 0% used [0x00000000d5580000,0x00000000d5580000,0x00000000d5900000)
  from space 512K, 100% used [0x00000000d5b80000,0x00000000d5c00000,0x00000000d5c00000)
  to   space 1024K, 0% used [0x00000000d5a00000,0x00000000d5a00000,0x00000000d5b00000)
 ParOldGen       total 729600K, used 729298K [0x0000000080000000, 0x00000000ac880000, 0x00000000d5580000)
  object space 729600K, 99% used [0x0000000080000000,0x00000000ac834b18,0x00000000ac880000)
 Metaspace       used 80573K, committed 82432K, reserved 1179648K
  class space    used 8964K, committed 9792K, reserved 1048576K
}
Event: 1888.967 GC heap before
{Heap before GC invocations=380 (full 3):
 PSYoungGen      total 4096K, used 4096K [0x00000000d5580000, 0x00000000d5c00000, 0x0000000100000000)
  eden space 3584K, 100% used [0x00000000d5580000,0x00000000d5900000,0x00000000d5900000)
  from space 512K, 100% used [0x00000000d5b80000,0x00000000d5c00000,0x00000000d5c00000)
  to   space 1024K, 0% used [0x00000000d5a00000,0x00000000d5a00000,0x00000000d5b00000)
 ParOldGen       total 729600K, used 729298K [0x0000000080000000, 0x00000000ac880000, 0x00000000d5580000)
  object space 729600K, 99% used [0x0000000080000000,0x00000000ac834b18,0x00000000ac880000)
 Metaspace       used 80578K, committed 82432K, reserved 1179648K
  class space    used 8964K, committed 9792K, reserved 1048576K
}
Event: 1888.973 GC heap after
{Heap after GC invocations=380 (full 3):
 PSYoungGen      total 4608K, used 416K [0x00000000d5580000, 0x00000000d5c00000, 0x0000000100000000)
  eden space 3584K, 0% used [0x00000000d5580000,0x00000000d5580000,0x00000000d5900000)
  from space 1024K, 40% used [0x00000000d5a00000,0x00000000d5a68000,0x00000000d5b00000)
  to   space 512K, 0% used [0x00000000d5b80000,0x00000000d5b80000,0x00000000d5c00000)
 ParOldGen       total 729600K, used 729362K [0x0000000080000000, 0x00000000ac880000, 0x00000000d5580000)
  object space 729600K, 99% used [0x0000000080000000,0x00000000ac844b18,0x00000000ac880000)
 Metaspace       used 80578K, committed 82432K, reserved 1179648K
  class space    used 8964K, committed 9792K, reserved 1048576K
}

